[2025-11-13T19:42:22.273+0000] {manager.py:470} INFO - Processing files using up to 2 processes at a time 
[2025-11-13T19:42:22.285+0000] {manager.py:471} INFO - Process each file at most once every 30 seconds
[2025-11-13T19:42:22.297+0000] {manager.py:472} INFO - Checking for new files in /opt/airflow/dags every 300 seconds
[2025-11-13T19:42:22.299+0000] {manager.py:737} INFO - Searching for files in /opt/airflow/dags
[2025-11-13T19:42:22.309+0000] {manager.py:740} INFO - There are 0 files in /opt/airflow/dags
[2025-11-13T19:47:22.585+0000] {manager.py:737} INFO - Searching for files in /opt/airflow/dags
[2025-11-13T19:47:22.594+0000] {manager.py:740} INFO - There are 0 files in /opt/airflow/dags
[2025-11-13T19:52:22.776+0000] {manager.py:737} INFO - Searching for files in /opt/airflow/dags
[2025-11-13T19:52:22.783+0000] {manager.py:740} INFO - There are 0 files in /opt/airflow/dags
[2025-11-13T19:57:23.265+0000] {manager.py:737} INFO - Searching for files in /opt/airflow/dags
[2025-11-13T19:57:23.314+0000] {manager.py:740} INFO - There are 0 files in /opt/airflow/dags
[2025-11-13T20:02:23.523+0000] {manager.py:737} INFO - Searching for files in /opt/airflow/dags
[2025-11-13T20:02:23.573+0000] {manager.py:740} INFO - There are 0 files in /opt/airflow/dags
[2025-11-13T20:07:23.821+0000] {manager.py:737} INFO - Searching for files in /opt/airflow/dags
[2025-11-13T20:07:23.848+0000] {manager.py:740} INFO - There are 0 files in /opt/airflow/dags
[2025-11-13T20:12:24.046+0000] {manager.py:737} INFO - Searching for files in /opt/airflow/dags
[2025-11-13T20:12:24.068+0000] {manager.py:740} INFO - There are 0 files in /opt/airflow/dags
[2025-11-13T20:17:24.846+0000] {manager.py:737} INFO - Searching for files in /opt/airflow/dags
[2025-11-13T20:17:24.897+0000] {manager.py:740} INFO - There are 1 files in /opt/airflow/dags
[2025-11-13T20:17:39.173+0000] {manager.py:878} INFO - 
================================================================================
DAG File Processing Stats

File Path                  PID    Runtime      # DAGs    # Errors  Last Runtime    Last Run
-------------------------  -----  ---------  --------  ----------  --------------  -------------------
/opt/airflow/dags/main.py                           0           1  0.86s           2025-11-13T20:17:26
================================================================================
[2025-11-13T20:18:09.641+0000] {manager.py:878} INFO - 
================================================================================
DAG File Processing Stats

File Path                  PID    Runtime      # DAGs    # Errors  Last Runtime    Last Run
-------------------------  -----  ---------  --------  ----------  --------------  -------------------
/opt/airflow/dags/main.py                           0           1  0.20s           2025-11-13T20:17:56
================================================================================
[2025-11-13T20:18:40.224+0000] {manager.py:878} INFO - 
================================================================================
DAG File Processing Stats

File Path                  PID    Runtime      # DAGs    # Errors  Last Runtime    Last Run
-------------------------  -----  ---------  --------  ----------  --------------  -------------------
/opt/airflow/dags/main.py                           0           1  0.20s           2025-11-13T20:18:30
================================================================================
[2025-11-13T20:19:10.732+0000] {manager.py:878} INFO - 
================================================================================
DAG File Processing Stats

File Path                  PID    Runtime      # DAGs    # Errors  Last Runtime    Last Run
-------------------------  -----  ---------  --------  ----------  --------------  -------------------
/opt/airflow/dags/main.py                           0           1  0.20s           2025-11-13T20:19:00
================================================================================
[2025-11-13T20:19:41.112+0000] {manager.py:878} INFO - 
================================================================================
DAG File Processing Stats

File Path                  PID    Runtime      # DAGs    # Errors  Last Runtime    Last Run
-------------------------  -----  ---------  --------  ----------  --------------  -------------------
/opt/airflow/dags/main.py                           0           1  0.16s           2025-11-13T20:19:31
================================================================================
[2025-11-13T20:20:11.636+0000] {manager.py:878} INFO - 
================================================================================
DAG File Processing Stats

File Path                  PID    Runtime      # DAGs    # Errors  Last Runtime    Last Run
-------------------------  -----  ---------  --------  ----------  --------------  -------------------
/opt/airflow/dags/main.py                           0           1  0.17s           2025-11-13T20:20:02
================================================================================
[2025-11-13T20:20:42.053+0000] {manager.py:878} INFO - 
================================================================================
DAG File Processing Stats

File Path                  PID    Runtime      # DAGs    # Errors  Last Runtime    Last Run
-------------------------  -----  ---------  --------  ----------  --------------  -------------------
/opt/airflow/dags/main.py                           0           1  0.20s           2025-11-13T20:20:33
================================================================================
[2025-11-13T20:21:12.509+0000] {manager.py:878} INFO - 
================================================================================
DAG File Processing Stats

File Path                  PID    Runtime      # DAGs    # Errors  Last Runtime    Last Run
-------------------------  -----  ---------  --------  ----------  --------------  -------------------
/opt/airflow/dags/main.py                           0           1  0.18s           2025-11-13T20:21:03
================================================================================
[2025-11-13T20:21:42.894+0000] {manager.py:878} INFO - 
================================================================================
DAG File Processing Stats

File Path                  PID    Runtime      # DAGs    # Errors  Last Runtime    Last Run
-------------------------  -----  ---------  --------  ----------  --------------  -------------------
/opt/airflow/dags/main.py                           0           1  0.14s           2025-11-13T20:21:33
================================================================================
[2025-11-13T20:22:13.326+0000] {manager.py:878} INFO - 
================================================================================
DAG File Processing Stats

File Path                  PID    Runtime      # DAGs    # Errors  Last Runtime    Last Run
-------------------------  -----  ---------  --------  ----------  --------------  -------------------
/opt/airflow/dags/main.py                           0           1  0.13s           2025-11-13T20:22:04
================================================================================
[2025-11-13T20:22:25.427+0000] {manager.py:737} INFO - Searching for files in /opt/airflow/dags
[2025-11-13T20:22:25.588+0000] {manager.py:740} INFO - There are 1 files in /opt/airflow/dags
[2025-11-13T20:22:43.841+0000] {manager.py:878} INFO - 
================================================================================
DAG File Processing Stats

File Path                  PID    Runtime      # DAGs    # Errors  Last Runtime    Last Run
-------------------------  -----  ---------  --------  ----------  --------------  -------------------
/opt/airflow/dags/main.py                           0           1  0.15s           2025-11-13T20:22:34
================================================================================
[2025-11-13T20:23:14.267+0000] {manager.py:878} INFO - 
================================================================================
DAG File Processing Stats

File Path                  PID    Runtime      # DAGs    # Errors  Last Runtime    Last Run
-------------------------  -----  ---------  --------  ----------  --------------  -------------------
/opt/airflow/dags/main.py                           0           1  0.17s           2025-11-13T20:23:05
================================================================================
[2025-11-13T20:23:44.656+0000] {manager.py:878} INFO - 
================================================================================
DAG File Processing Stats

File Path                  PID    Runtime      # DAGs    # Errors  Last Runtime    Last Run
-------------------------  -----  ---------  --------  ----------  --------------  -------------------
/opt/airflow/dags/main.py                           0           1  0.15s           2025-11-13T20:23:35
================================================================================
[2025-11-13T20:24:15.063+0000] {manager.py:878} INFO - 
================================================================================
DAG File Processing Stats

File Path                  PID    Runtime      # DAGs    # Errors  Last Runtime    Last Run
-------------------------  -----  ---------  --------  ----------  --------------  -------------------
/opt/airflow/dags/main.py                           0           1  0.15s           2025-11-13T20:24:06
================================================================================
[2025-11-13T20:24:45.601+0000] {manager.py:878} INFO - 
================================================================================
DAG File Processing Stats

File Path                  PID    Runtime      # DAGs    # Errors  Last Runtime    Last Run
-------------------------  -----  ---------  --------  ----------  --------------  -------------------
/opt/airflow/dags/main.py                           0           1  0.18s           2025-11-13T20:24:36
================================================================================
[2025-11-13T20:25:15.991+0000] {manager.py:878} INFO - 
================================================================================
DAG File Processing Stats

File Path                  PID    Runtime      # DAGs    # Errors  Last Runtime    Last Run
-------------------------  -----  ---------  --------  ----------  --------------  -------------------
/opt/airflow/dags/main.py                           0           1  0.16s           2025-11-13T20:25:07
================================================================================
[2025-11-13T20:25:46.513+0000] {manager.py:878} INFO - 
================================================================================
DAG File Processing Stats

File Path                  PID    Runtime      # DAGs    # Errors  Last Runtime    Last Run
-------------------------  -----  ---------  --------  ----------  --------------  -------------------
/opt/airflow/dags/main.py                           0           1  0.15s           2025-11-13T20:25:37
================================================================================
[2025-11-13T20:26:16.933+0000] {manager.py:878} INFO - 
================================================================================
DAG File Processing Stats

File Path                  PID    Runtime      # DAGs    # Errors  Last Runtime    Last Run
-------------------------  -----  ---------  --------  ----------  --------------  -------------------
/opt/airflow/dags/main.py                           0           1  0.15s           2025-11-13T20:26:07
================================================================================
[2025-11-13T20:26:47.296+0000] {manager.py:878} INFO - 
================================================================================
DAG File Processing Stats

File Path                  PID    Runtime      # DAGs    # Errors  Last Runtime    Last Run
-------------------------  -----  ---------  --------  ----------  --------------  -------------------
/opt/airflow/dags/main.py                           0           1  0.19s           2025-11-13T20:26:38
================================================================================
[2025-11-13T20:27:17.750+0000] {manager.py:878} INFO - 
================================================================================
DAG File Processing Stats

File Path                  PID    Runtime      # DAGs    # Errors  Last Runtime    Last Run
-------------------------  -----  ---------  --------  ----------  --------------  -------------------
/opt/airflow/dags/main.py                           0           1  0.15s           2025-11-13T20:27:08
================================================================================
[2025-11-13T20:27:25.868+0000] {manager.py:737} INFO - Searching for files in /opt/airflow/dags
[2025-11-13T20:27:25.938+0000] {manager.py:740} INFO - There are 1 files in /opt/airflow/dags
[2025-11-13T20:27:48.259+0000] {manager.py:878} INFO - 
================================================================================
DAG File Processing Stats

File Path                  PID    Runtime      # DAGs    # Errors  Last Runtime    Last Run
-------------------------  -----  ---------  --------  ----------  --------------  -------------------
/opt/airflow/dags/main.py                           0           1  0.14s           2025-11-13T20:27:39
================================================================================
[2025-11-13T20:28:18.691+0000] {manager.py:878} INFO - 
================================================================================
DAG File Processing Stats

File Path                  PID    Runtime      # DAGs    # Errors  Last Runtime    Last Run
-------------------------  -----  ---------  --------  ----------  --------------  -------------------
/opt/airflow/dags/main.py                           0           1  0.15s           2025-11-13T20:28:09
================================================================================
[2025-11-13T20:28:49.174+0000] {manager.py:878} INFO - 
================================================================================
DAG File Processing Stats

File Path                  PID    Runtime      # DAGs    # Errors  Last Runtime    Last Run
-------------------------  -----  ---------  --------  ----------  --------------  -------------------
/opt/airflow/dags/main.py                           0           1  0.15s           2025-11-13T20:28:40
================================================================================
[2025-11-13T20:29:19.532+0000] {manager.py:878} INFO - 
================================================================================
DAG File Processing Stats

File Path                  PID    Runtime      # DAGs    # Errors  Last Runtime    Last Run
-------------------------  -----  ---------  --------  ----------  --------------  -------------------
/opt/airflow/dags/main.py                           0           1  0.15s           2025-11-13T20:29:10
================================================================================
[2025-11-13T20:29:50.058+0000] {manager.py:878} INFO - 
================================================================================
DAG File Processing Stats

File Path                  PID    Runtime      # DAGs    # Errors  Last Runtime    Last Run
-------------------------  -----  ---------  --------  ----------  --------------  -------------------
/opt/airflow/dags/main.py                           0           1  0.16s           2025-11-13T20:29:40
================================================================================
[2025-11-13T20:30:20.388+0000] {manager.py:878} INFO - 
================================================================================
DAG File Processing Stats

File Path                  PID    Runtime      # DAGs    # Errors  Last Runtime    Last Run
-------------------------  -----  ---------  --------  ----------  --------------  -------------------
/opt/airflow/dags/main.py                           0           1  0.16s           2025-11-13T20:30:11
================================================================================
[2025-11-13T20:30:50.866+0000] {manager.py:878} INFO - 
================================================================================
DAG File Processing Stats

File Path                  PID    Runtime      # DAGs    # Errors  Last Runtime    Last Run
-------------------------  -----  ---------  --------  ----------  --------------  -------------------
/opt/airflow/dags/main.py                           0           1  0.14s           2025-11-13T20:30:41
================================================================================
[2025-11-13T20:31:21.293+0000] {manager.py:878} INFO - 
================================================================================
DAG File Processing Stats

File Path                  PID    Runtime      # DAGs    # Errors  Last Runtime    Last Run
-------------------------  -----  ---------  --------  ----------  --------------  -------------------
/opt/airflow/dags/main.py                           0           1  0.25s           2025-11-13T20:31:12
================================================================================
[2025-11-13T20:31:51.756+0000] {manager.py:878} INFO - 
================================================================================
DAG File Processing Stats

File Path                  PID    Runtime      # DAGs    # Errors  Last Runtime    Last Run
-------------------------  -----  ---------  --------  ----------  --------------  -------------------
/opt/airflow/dags/main.py                           0           1  0.19s           2025-11-13T20:31:42
================================================================================
[2025-11-13T20:32:22.155+0000] {manager.py:878} INFO - 
================================================================================
DAG File Processing Stats

File Path                  PID    Runtime      # DAGs    # Errors  Last Runtime    Last Run
-------------------------  -----  ---------  --------  ----------  --------------  -------------------
/opt/airflow/dags/main.py                           0           1  0.17s           2025-11-13T20:32:13
================================================================================
[2025-11-13T20:32:26.197+0000] {manager.py:737} INFO - Searching for files in /opt/airflow/dags
[2025-11-13T20:32:26.276+0000] {manager.py:740} INFO - There are 1 files in /opt/airflow/dags
[2025-11-13T20:32:52.702+0000] {manager.py:878} INFO - 
================================================================================
DAG File Processing Stats

File Path                  PID    Runtime      # DAGs    # Errors  Last Runtime    Last Run
-------------------------  -----  ---------  --------  ----------  --------------  -------------------
/opt/airflow/dags/main.py                           0           1  0.16s           2025-11-13T20:32:43
================================================================================
[2025-11-13T20:33:23.096+0000] {manager.py:878} INFO - 
================================================================================
DAG File Processing Stats

File Path                  PID    Runtime      # DAGs    # Errors  Last Runtime    Last Run
-------------------------  -----  ---------  --------  ----------  --------------  -------------------
/opt/airflow/dags/main.py                           0           1  0.16s           2025-11-13T20:33:14
================================================================================
[2025-11-13T20:33:53.458+0000] {manager.py:878} INFO - 
================================================================================
DAG File Processing Stats

File Path                  PID    Runtime      # DAGs    # Errors  Last Runtime    Last Run
-------------------------  -----  ---------  --------  ----------  --------------  -------------------
/opt/airflow/dags/main.py                           0           1  0.17s           2025-11-13T20:33:44
================================================================================
[2025-11-13T20:34:23.806+0000] {manager.py:878} INFO - 
================================================================================
DAG File Processing Stats

File Path                  PID    Runtime      # DAGs    # Errors  Last Runtime    Last Run
-------------------------  -----  ---------  --------  ----------  --------------  -------------------
/opt/airflow/dags/main.py                           0           1  0.17s           2025-11-13T20:34:14
================================================================================
[2025-11-13T20:34:54.223+0000] {manager.py:878} INFO - 
================================================================================
DAG File Processing Stats

File Path                  PID    Runtime      # DAGs    # Errors  Last Runtime    Last Run
-------------------------  -----  ---------  --------  ----------  --------------  -------------------
/opt/airflow/dags/main.py                           0           1  0.16s           2025-11-13T20:34:45
================================================================================
[2025-11-13T20:35:24.679+0000] {manager.py:878} INFO - 
================================================================================
DAG File Processing Stats

File Path                  PID    Runtime      # DAGs    # Errors  Last Runtime    Last Run
-------------------------  -----  ---------  --------  ----------  --------------  -------------------
/opt/airflow/dags/main.py                           0           1  0.16s           2025-11-13T20:35:15
================================================================================
[2025-11-13T20:35:55.144+0000] {manager.py:878} INFO - 
================================================================================
DAG File Processing Stats

File Path                  PID    Runtime      # DAGs    # Errors  Last Runtime    Last Run
-------------------------  -----  ---------  --------  ----------  --------------  -------------------
/opt/airflow/dags/main.py                           0           1  0.22s           2025-11-13T20:35:46
================================================================================
[2025-11-13T20:36:25.597+0000] {manager.py:878} INFO - 
================================================================================
DAG File Processing Stats

File Path                  PID    Runtime      # DAGs    # Errors  Last Runtime    Last Run
-------------------------  -----  ---------  --------  ----------  --------------  -------------------
/opt/airflow/dags/main.py                           0           1  0.15s           2025-11-13T20:36:16
================================================================================
[2025-11-13T20:36:55.861+0000] {manager.py:878} INFO - 
================================================================================
DAG File Processing Stats

File Path                  PID    Runtime      # DAGs    # Errors  Last Runtime    Last Run
-------------------------  -----  ---------  --------  ----------  --------------  -------------------
/opt/airflow/dags/main.py                           0           1  0.18s           2025-11-13T20:36:46
================================================================================
[2025-11-13T20:37:26.313+0000] {manager.py:737} INFO - Searching for files in /opt/airflow/dags
[2025-11-13T20:37:26.369+0000] {manager.py:740} INFO - There are 1 files in /opt/airflow/dags
[2025-11-13T20:37:26.389+0000] {manager.py:878} INFO - 
================================================================================
DAG File Processing Stats

File Path                  PID    Runtime      # DAGs    # Errors  Last Runtime    Last Run
-------------------------  -----  ---------  --------  ----------  --------------  -------------------
/opt/airflow/dags/main.py                           0           1  0.17s           2025-11-13T20:37:17
================================================================================
[2025-11-13T20:37:56.753+0000] {manager.py:878} INFO - 
================================================================================
DAG File Processing Stats

File Path                  PID    Runtime      # DAGs    # Errors  Last Runtime    Last Run
-------------------------  -----  ---------  --------  ----------  --------------  -------------------
/opt/airflow/dags/main.py                           0           1  0.16s           2025-11-13T20:37:47
================================================================================
[2025-11-13T20:38:27.182+0000] {manager.py:878} INFO - 
================================================================================
DAG File Processing Stats

File Path                  PID    Runtime      # DAGs    # Errors  Last Runtime    Last Run
-------------------------  -----  ---------  --------  ----------  --------------  -------------------
/opt/airflow/dags/main.py                           0           1  0.16s           2025-11-13T20:38:18
================================================================================
[2025-11-13T20:38:57.772+0000] {manager.py:878} INFO - 
================================================================================
DAG File Processing Stats

File Path                  PID    Runtime      # DAGs    # Errors  Last Runtime    Last Run
-------------------------  -----  ---------  --------  ----------  --------------  -------------------
/opt/airflow/dags/main.py                           0           1  0.28s           2025-11-13T20:38:48
================================================================================
[2025-11-13T20:39:28.117+0000] {manager.py:878} INFO - 
================================================================================
DAG File Processing Stats

File Path                  PID    Runtime      # DAGs    # Errors  Last Runtime    Last Run
-------------------------  -----  ---------  --------  ----------  --------------  -------------------
/opt/airflow/dags/main.py                           0           1  0.20s           2025-11-13T20:39:19
================================================================================
[2025-11-13T20:39:58.746+0000] {manager.py:878} INFO - 
================================================================================
DAG File Processing Stats

File Path                  PID    Runtime      # DAGs    # Errors  Last Runtime    Last Run
-------------------------  -----  ---------  --------  ----------  --------------  -------------------
/opt/airflow/dags/main.py                           0           1  0.31s           2025-11-13T20:39:49
================================================================================
[2025-11-13T20:40:29.050+0000] {manager.py:878} INFO - 
================================================================================
DAG File Processing Stats

File Path                  PID    Runtime      # DAGs    # Errors  Last Runtime    Last Run
-------------------------  -----  ---------  --------  ----------  --------------  -------------------
/opt/airflow/dags/main.py                           0           1  0.15s           2025-11-13T20:40:20
================================================================================
[2025-11-13T20:40:59.543+0000] {manager.py:878} INFO - 
================================================================================
DAG File Processing Stats

File Path                  PID    Runtime      # DAGs    # Errors  Last Runtime    Last Run
-------------------------  -----  ---------  --------  ----------  --------------  -------------------
/opt/airflow/dags/main.py                           0           1  0.21s           2025-11-13T20:40:50
================================================================================
[2025-11-13T20:41:29.866+0000] {manager.py:878} INFO - 
================================================================================
DAG File Processing Stats

File Path                  PID    Runtime      # DAGs    # Errors  Last Runtime    Last Run
-------------------------  -----  ---------  --------  ----------  --------------  -------------------
/opt/airflow/dags/main.py                           0           1  0.23s           2025-11-13T20:41:20
================================================================================
[2025-11-13T20:42:00.137+0000] {manager.py:878} INFO - 
================================================================================
DAG File Processing Stats

File Path                  PID    Runtime      # DAGs    # Errors  Last Runtime    Last Run
-------------------------  -----  ---------  --------  ----------  --------------  -------------------
/opt/airflow/dags/main.py                           0           1  0.15s           2025-11-13T20:41:51
================================================================================
[2025-11-13T20:42:26.627+0000] {manager.py:737} INFO - Searching for files in /opt/airflow/dags
[2025-11-13T20:42:26.686+0000] {manager.py:740} INFO - There are 1 files in /opt/airflow/dags
[2025-11-13T20:42:30.763+0000] {manager.py:878} INFO - 
================================================================================
DAG File Processing Stats

File Path                  PID    Runtime      # DAGs    # Errors  Last Runtime    Last Run
-------------------------  -----  ---------  --------  ----------  --------------  -------------------
/opt/airflow/dags/main.py                           0           1  0.29s           2025-11-13T20:42:21
================================================================================
[2025-11-13T20:43:01.095+0000] {manager.py:878} INFO - 
================================================================================
DAG File Processing Stats

File Path                  PID    Runtime      # DAGs    # Errors  Last Runtime    Last Run
-------------------------  -----  ---------  --------  ----------  --------------  -------------------
/opt/airflow/dags/main.py                           0           1  0.16s           2025-11-13T20:42:52
================================================================================
[2025-11-13T20:43:31.560+0000] {manager.py:878} INFO - 
================================================================================
DAG File Processing Stats

File Path                  PID    Runtime      # DAGs    # Errors  Last Runtime    Last Run
-------------------------  -----  ---------  --------  ----------  --------------  -------------------
/opt/airflow/dags/main.py                           0           1  0.28s           2025-11-13T20:43:22
================================================================================
[2025-11-13T20:44:02.068+0000] {manager.py:878} INFO - 
================================================================================
DAG File Processing Stats

File Path                  PID    Runtime      # DAGs    # Errors  Last Runtime    Last Run
-------------------------  -----  ---------  --------  ----------  --------------  -------------------
/opt/airflow/dags/main.py                           0           1  0.19s           2025-11-13T20:43:53
================================================================================
[2025-11-13T20:44:32.467+0000] {manager.py:878} INFO - 
================================================================================
DAG File Processing Stats

File Path                  PID    Runtime      # DAGs    # Errors  Last Runtime    Last Run
-------------------------  -----  ---------  --------  ----------  --------------  -------------------
/opt/airflow/dags/main.py                           0           1  0.40s           2025-11-13T20:44:23
================================================================================
[2025-11-13T20:45:03.204+0000] {manager.py:878} INFO - 
================================================================================
DAG File Processing Stats

File Path                  PID    Runtime      # DAGs    # Errors  Last Runtime    Last Run
-------------------------  -----  ---------  --------  ----------  --------------  -------------------
/opt/airflow/dags/main.py                           0           1  0.15s           2025-11-13T20:44:54
================================================================================
[2025-11-13T20:45:33.698+0000] {manager.py:878} INFO - 
================================================================================
DAG File Processing Stats

File Path                  PID    Runtime      # DAGs    # Errors  Last Runtime    Last Run
-------------------------  -----  ---------  --------  ----------  --------------  -------------------
/opt/airflow/dags/main.py                           0           1  0.16s           2025-11-13T20:45:24
================================================================================
[2025-11-13T20:46:04.032+0000] {manager.py:878} INFO - 
================================================================================
DAG File Processing Stats

File Path                  PID    Runtime      # DAGs    # Errors  Last Runtime    Last Run
-------------------------  -----  ---------  --------  ----------  --------------  -------------------
/opt/airflow/dags/main.py                           0           1  0.13s           2025-11-13T20:45:55
================================================================================
[2025-11-13T20:46:34.440+0000] {manager.py:878} INFO - 
================================================================================
DAG File Processing Stats

File Path                  PID    Runtime      # DAGs    # Errors  Last Runtime    Last Run
-------------------------  -----  ---------  --------  ----------  --------------  -------------------
/opt/airflow/dags/main.py                           0           1  0.13s           2025-11-13T20:46:25
================================================================================
[2025-11-13T20:47:04.853+0000] {manager.py:878} INFO - 
================================================================================
DAG File Processing Stats

File Path                  PID    Runtime      # DAGs    # Errors  Last Runtime    Last Run
-------------------------  -----  ---------  --------  ----------  --------------  -------------------
/opt/airflow/dags/main.py                           0           1  0.15s           2025-11-13T20:46:55
================================================================================
[2025-11-13T20:47:27.188+0000] {manager.py:737} INFO - Searching for files in /opt/airflow/dags
[2025-11-13T20:47:27.254+0000] {manager.py:740} INFO - There are 1 files in /opt/airflow/dags
[2025-11-13T20:47:35.370+0000] {manager.py:878} INFO - 
================================================================================
DAG File Processing Stats

File Path                  PID    Runtime      # DAGs    # Errors  Last Runtime    Last Run
-------------------------  -----  ---------  --------  ----------  --------------  -------------------
/opt/airflow/dags/main.py                           0           1  0.16s           2025-11-13T20:47:26
================================================================================
[2025-11-13T20:48:05.758+0000] {manager.py:878} INFO - 
================================================================================
DAG File Processing Stats

File Path                  PID    Runtime      # DAGs    # Errors  Last Runtime    Last Run
-------------------------  -----  ---------  --------  ----------  --------------  -------------------
/opt/airflow/dags/main.py                           0           1  0.17s           2025-11-13T20:47:56
================================================================================
[2025-11-13T20:48:36.188+0000] {manager.py:878} INFO - 
================================================================================
DAG File Processing Stats

File Path                  PID    Runtime      # DAGs    # Errors  Last Runtime    Last Run
-------------------------  -----  ---------  --------  ----------  --------------  -------------------
/opt/airflow/dags/main.py                           0           1  0.17s           2025-11-13T20:48:06
================================================================================
[2025-11-13T20:49:06.489+0000] {manager.py:878} INFO - 
================================================================================
DAG File Processing Stats

File Path                  PID    Runtime      # DAGs    # Errors  Last Runtime    Last Run
-------------------------  -----  ---------  --------  ----------  --------------  -------------------
/opt/airflow/dags/main.py                           0           1  0.12s           2025-11-13T20:48:37
================================================================================
[2025-11-13T20:49:36.796+0000] {manager.py:878} INFO - 
================================================================================
DAG File Processing Stats

File Path                  PID    Runtime      # DAGs    # Errors  Last Runtime    Last Run
-------------------------  -----  ---------  --------  ----------  --------------  -------------------
/opt/airflow/dags/main.py                           0           1  0.15s           2025-11-13T20:49:07
================================================================================
[2025-11-13T20:50:07.157+0000] {manager.py:878} INFO - 
================================================================================
DAG File Processing Stats

File Path                  PID    Runtime      # DAGs    # Errors  Last Runtime    Last Run
-------------------------  -----  ---------  --------  ----------  --------------  -------------------
/opt/airflow/dags/main.py                           0           1  0.16s           2025-11-13T20:49:37
================================================================================
[2025-11-13T20:50:37.483+0000] {manager.py:878} INFO - 
================================================================================
DAG File Processing Stats

File Path                  PID    Runtime      # DAGs    # Errors  Last Runtime    Last Run
-------------------------  -----  ---------  --------  ----------  --------------  -------------------
/opt/airflow/dags/main.py                           0           1  0.15s           2025-11-13T20:50:08
================================================================================
[2025-11-13T20:51:07.869+0000] {manager.py:878} INFO - 
================================================================================
DAG File Processing Stats

File Path                  PID    Runtime      # DAGs    # Errors  Last Runtime    Last Run
-------------------------  -----  ---------  --------  ----------  --------------  -------------------
/opt/airflow/dags/main.py                           0           1  0.16s           2025-11-13T20:50:38
================================================================================
[2025-11-13T20:51:38.257+0000] {manager.py:878} INFO - 
================================================================================
DAG File Processing Stats

File Path                  PID    Runtime      # DAGs    # Errors  Last Runtime    Last Run
-------------------------  -----  ---------  --------  ----------  --------------  -------------------
/opt/airflow/dags/main.py                           0           1  0.16s           2025-11-13T20:51:09
================================================================================
[2025-11-13T20:52:08.638+0000] {manager.py:878} INFO - 
================================================================================
DAG File Processing Stats

File Path                  PID    Runtime      # DAGs    # Errors  Last Runtime    Last Run
-------------------------  -----  ---------  --------  ----------  --------------  -------------------
/opt/airflow/dags/main.py                           0           1  0.21s           2025-11-13T20:51:39
================================================================================
[2025-11-13T20:52:27.935+0000] {manager.py:737} INFO - Searching for files in /opt/airflow/dags
[2025-11-13T20:52:28.158+0000] {manager.py:740} INFO - There are 1 files in /opt/airflow/dags
[2025-11-13T20:52:39.281+0000] {manager.py:878} INFO - 
================================================================================
DAG File Processing Stats

File Path                  PID    Runtime      # DAGs    # Errors  Last Runtime    Last Run
-------------------------  -----  ---------  --------  ----------  --------------  -------------------
/opt/airflow/dags/main.py                           0           1  0.18s           2025-11-13T20:52:09
================================================================================
[2025-11-13T20:53:09.704+0000] {manager.py:878} INFO - 
================================================================================
DAG File Processing Stats

File Path                  PID    Runtime      # DAGs    # Errors  Last Runtime    Last Run
-------------------------  -----  ---------  --------  ----------  --------------  -------------------
/opt/airflow/dags/main.py                           0           1  0.15s           2025-11-13T20:52:40
================================================================================
[2025-11-13T20:53:40.079+0000] {manager.py:878} INFO - 
================================================================================
DAG File Processing Stats

File Path                  PID    Runtime      # DAGs    # Errors  Last Runtime    Last Run
-------------------------  -----  ---------  --------  ----------  --------------  -------------------
/opt/airflow/dags/main.py                           0           1  0.47s           2025-11-13T20:53:11
================================================================================
[2025-11-13T20:54:10.877+0000] {manager.py:878} INFO - 
================================================================================
DAG File Processing Stats

File Path                  PID    Runtime      # DAGs    # Errors  Last Runtime    Last Run
-------------------------  -----  ---------  --------  ----------  --------------  -------------------
/opt/airflow/dags/main.py                           0           1  0.14s           2025-11-13T20:53:41
================================================================================
[2025-11-13T20:54:41.288+0000] {manager.py:878} INFO - 
================================================================================
DAG File Processing Stats

File Path                  PID    Runtime      # DAGs    # Errors  Last Runtime    Last Run
-------------------------  -----  ---------  --------  ----------  --------------  -------------------
/opt/airflow/dags/main.py                           0           1  0.14s           2025-11-13T20:54:12
================================================================================
[2025-11-13T20:55:11.582+0000] {manager.py:878} INFO - 
================================================================================
DAG File Processing Stats

File Path                  PID    Runtime      # DAGs    # Errors  Last Runtime    Last Run
-------------------------  -----  ---------  --------  ----------  --------------  -------------------
/opt/airflow/dags/main.py                           0           1  0.18s           2025-11-13T20:54:42
================================================================================
[2025-11-13T20:55:42.054+0000] {manager.py:878} INFO - 
================================================================================
DAG File Processing Stats

File Path                  PID    Runtime      # DAGs    # Errors  Last Runtime    Last Run
-------------------------  -----  ---------  --------  ----------  --------------  -------------------
/opt/airflow/dags/main.py                           0           1  0.14s           2025-11-13T20:55:12
================================================================================
[2025-11-13T20:56:12.458+0000] {manager.py:878} INFO - 
================================================================================
DAG File Processing Stats

File Path                  PID    Runtime      # DAGs    # Errors  Last Runtime    Last Run
-------------------------  -----  ---------  --------  ----------  --------------  -------------------
/opt/airflow/dags/main.py                           0           1  0.12s           2025-11-13T20:55:43
================================================================================
[2025-11-13T20:56:42.810+0000] {manager.py:878} INFO - 
================================================================================
DAG File Processing Stats

File Path                  PID    Runtime      # DAGs    # Errors  Last Runtime    Last Run
-------------------------  -----  ---------  --------  ----------  --------------  -------------------
/opt/airflow/dags/main.py                           0           1  0.12s           2025-11-13T20:56:13
================================================================================
[2025-11-13T20:57:13.358+0000] {manager.py:878} INFO - 
================================================================================
DAG File Processing Stats

File Path                  PID    Runtime      # DAGs    # Errors  Last Runtime    Last Run
-------------------------  -----  ---------  --------  ----------  --------------  -------------------
/opt/airflow/dags/main.py                           0           1  0.16s           2025-11-13T20:56:43
================================================================================
[2025-11-13T20:57:28.530+0000] {manager.py:737} INFO - Searching for files in /opt/airflow/dags
[2025-11-13T20:57:28.587+0000] {manager.py:740} INFO - There are 1 files in /opt/airflow/dags
[2025-11-13T20:57:43.801+0000] {manager.py:878} INFO - 
================================================================================
DAG File Processing Stats

File Path                  PID    Runtime      # DAGs    # Errors  Last Runtime    Last Run
-------------------------  -----  ---------  --------  ----------  --------------  -------------------
/opt/airflow/dags/main.py                           0           1  0.12s           2025-11-13T20:57:14
================================================================================
[2025-11-13T20:58:14.221+0000] {manager.py:878} INFO - 
================================================================================
DAG File Processing Stats

File Path                  PID    Runtime      # DAGs    # Errors  Last Runtime    Last Run
-------------------------  -----  ---------  --------  ----------  --------------  -------------------
/opt/airflow/dags/main.py                           0           1  0.13s           2025-11-13T20:57:44
================================================================================
[2025-11-13T20:58:33.076+0000] {manager.py:452} INFO - Exiting gracefully upon receiving signal 15
